<?xml version="1.0" encoding="UTF-8"?>
<testsuite xmlns:xsi="http://www.w3.org/2001/XMLSchema-instance" xsi:noNamespaceSchemaLocation="https://maven.apache.org/surefire/maven-surefire-plugin/xsd/surefire-test-report.xsd" name="com.sxw.test.MyTest" time="3.299" tests="1" errors="0" skipped="0" failures="0">
  <properties>
    <property name="sun.desktop" value="windows"/>
    <property name="awt.toolkit" value="sun.awt.windows.WToolkit"/>
    <property name="java.specification.version" value="1.8"/>
    <property name="file.encoding.pkg" value="sun.io"/>
    <property name="sun.cpu.isalist" value="amd64"/>
    <property name="sun.jnu.encoding" value="GBK"/>
    <property name="java.class.path" value="E:\sxw\spring-rest-docs\target\test-classes;E:\sxw\spring-rest-docs\target\classes;E:\mavenRepertory\org\springframework\boot\spring-boot-starter-web\2.0.4.RELEASE\spring-boot-starter-web-2.0.4.RELEASE.jar;E:\mavenRepertory\org\springframework\boot\spring-boot-starter\2.0.4.RELEASE\spring-boot-starter-2.0.4.RELEASE.jar;E:\mavenRepertory\org\springframework\boot\spring-boot\2.0.4.RELEASE\spring-boot-2.0.4.RELEASE.jar;E:\mavenRepertory\org\springframework\boot\spring-boot-autoconfigure\2.0.4.RELEASE\spring-boot-autoconfigure-2.0.4.RELEASE.jar;E:\mavenRepertory\org\springframework\boot\spring-boot-starter-logging\2.0.4.RELEASE\spring-boot-starter-logging-2.0.4.RELEASE.jar;E:\mavenRepertory\ch\qos\logback\logback-classic\1.2.3\logback-classic-1.2.3.jar;E:\mavenRepertory\ch\qos\logback\logback-core\1.2.3\logback-core-1.2.3.jar;E:\mavenRepertory\org\apache\logging\log4j\log4j-to-slf4j\2.10.0\log4j-to-slf4j-2.10.0.jar;E:\mavenRepertory\org\apache\logging\log4j\log4j-api\2.10.0\log4j-api-2.10.0.jar;E:\mavenRepertory\org\slf4j\jul-to-slf4j\1.7.25\jul-to-slf4j-1.7.25.jar;E:\mavenRepertory\javax\annotation\javax.annotation-api\1.3.2\javax.annotation-api-1.3.2.jar;E:\mavenRepertory\org\yaml\snakeyaml\1.19\snakeyaml-1.19.jar;E:\mavenRepertory\org\springframework\boot\spring-boot-starter-json\2.0.4.RELEASE\spring-boot-starter-json-2.0.4.RELEASE.jar;E:\mavenRepertory\com\fasterxml\jackson\datatype\jackson-datatype-jdk8\2.9.6\jackson-datatype-jdk8-2.9.6.jar;E:\mavenRepertory\com\fasterxml\jackson\datatype\jackson-datatype-jsr310\2.9.6\jackson-datatype-jsr310-2.9.6.jar;E:\mavenRepertory\com\fasterxml\jackson\module\jackson-module-parameter-names\2.9.6\jackson-module-parameter-names-2.9.6.jar;E:\mavenRepertory\org\springframework\boot\spring-boot-starter-tomcat\2.0.4.RELEASE\spring-boot-starter-tomcat-2.0.4.RELEASE.jar;E:\mavenRepertory\org\apache\tomcat\embed\tomcat-embed-core\8.5.32\tomcat-embed-core-8.5.32.jar;E:\mavenRepertory\org\apache\tomcat\embed\tomcat-embed-el\8.5.32\tomcat-embed-el-8.5.32.jar;E:\mavenRepertory\org\apache\tomcat\embed\tomcat-embed-websocket\8.5.32\tomcat-embed-websocket-8.5.32.jar;E:\mavenRepertory\org\hibernate\validator\hibernate-validator\6.0.11.Final\hibernate-validator-6.0.11.Final.jar;E:\mavenRepertory\javax\validation\validation-api\2.0.1.Final\validation-api-2.0.1.Final.jar;E:\mavenRepertory\org\jboss\logging\jboss-logging\3.3.2.Final\jboss-logging-3.3.2.Final.jar;E:\mavenRepertory\com\fasterxml\classmate\1.3.4\classmate-1.3.4.jar;E:\mavenRepertory\org\springframework\spring-web\5.0.8.RELEASE\spring-web-5.0.8.RELEASE.jar;E:\mavenRepertory\org\springframework\spring-beans\5.0.8.RELEASE\spring-beans-5.0.8.RELEASE.jar;E:\mavenRepertory\org\springframework\spring-webmvc\5.0.8.RELEASE\spring-webmvc-5.0.8.RELEASE.jar;E:\mavenRepertory\org\springframework\spring-aop\5.0.8.RELEASE\spring-aop-5.0.8.RELEASE.jar;E:\mavenRepertory\org\springframework\spring-context\5.0.8.RELEASE\spring-context-5.0.8.RELEASE.jar;E:\mavenRepertory\org\springframework\spring-expression\5.0.8.RELEASE\spring-expression-5.0.8.RELEASE.jar;E:\mavenRepertory\org\springframework\restdocs\spring-restdocs-mockmvc\2.0.2.RELEASE\spring-restdocs-mockmvc-2.0.2.RELEASE.jar;E:\mavenRepertory\javax\servlet\javax.servlet-api\3.1.0\javax.servlet-api-3.1.0.jar;E:\mavenRepertory\org\springframework\spring-test\5.0.8.RELEASE\spring-test-5.0.8.RELEASE.jar;E:\mavenRepertory\org\springframework\restdocs\spring-restdocs-core\2.0.2.RELEASE\spring-restdocs-core-2.0.2.RELEASE.jar;E:\mavenRepertory\io\springfox\springfox-staticdocs\2.6.1\springfox-staticdocs-2.6.1.jar;E:\mavenRepertory\io\github\robwin\swagger2markup\0.9.2\swagger2markup-0.9.2.jar;E:\mavenRepertory\io\github\robwin\markup-document-builder\0.1.5\markup-document-builder-0.1.5.jar;E:\mavenRepertory\io\swagger\swagger-compat-spec-parser\1.0.13\swagger-compat-spec-parser-1.0.13.jar;E:\mavenRepertory\io\swagger\swagger-core\1.5.4\swagger-core-1.5.4.jar;E:\mavenRepertory\com\fasterxml\jackson\datatype\jackson-datatype-joda\2.9.6\jackson-datatype-joda-2.9.6.jar;E:\mavenRepertory\com\fasterxml\jackson\dataformat\jackson-dataformat-yaml\2.9.6\jackson-dataformat-yaml-2.9.6.jar;E:\mavenRepertory\io\swagger\swagger-models\1.5.4\swagger-models-1.5.4.jar;E:\mavenRepertory\io\swagger\swagger-annotations\1.5.4\swagger-annotations-1.5.4.jar;E:\mavenRepertory\com\google\guava\guava\18.0\guava-18.0.jar;E:\mavenRepertory\io\swagger\swagger-parser\1.0.13\swagger-parser-1.0.13.jar;E:\mavenRepertory\org\slf4j\slf4j-ext\1.7.25\slf4j-ext-1.7.25.jar;E:\mavenRepertory\com\github\fge\json-schema-validator\2.2.3\json-schema-validator-2.2.3.jar;E:\mavenRepertory\joda-time\joda-time\2.9.9\joda-time-2.9.9.jar;E:\mavenRepertory\com\github\fge\json-schema-core\1.2.1\json-schema-core-1.2.1.jar;E:\mavenRepertory\com\github\fge\uri-template\0.9\uri-template-0.9.jar;E:\mavenRepertory\org\mozilla\rhino\1.7R4\rhino-1.7R4.jar;E:\mavenRepertory\com\googlecode\libphonenumber\libphonenumber\6.0\libphonenumber-6.0.jar;E:\mavenRepertory\javax\mail\mailapi\1.4.3\mailapi-1.4.3.jar;E:\mavenRepertory\javax\activation\activation\1.1\activation-1.1.jar;E:\mavenRepertory\com\google\code\findbugs\jsr305\2.0.1\jsr305-2.0.1.jar;E:\mavenRepertory\net\sf\jopt-simple\jopt-simple\4.6\jopt-simple-4.6.jar;E:\mavenRepertory\com\github\fge\json-patch\1.6\json-patch-1.6.jar;E:\mavenRepertory\com\github\fge\jackson-coreutils\1.6\jackson-coreutils-1.6.jar;E:\mavenRepertory\com\github\fge\msg-simple\1.1\msg-simple-1.1.jar;E:\mavenRepertory\com\github\fge\btf\1.2\btf-1.2.jar;E:\mavenRepertory\org\apache\httpcomponents\httpclient\4.5.6\httpclient-4.5.6.jar;E:\mavenRepertory\org\apache\httpcomponents\httpcore\4.4.10\httpcore-4.4.10.jar;E:\mavenRepertory\commons-codec\commons-codec\1.11\commons-codec-1.11.jar;E:\mavenRepertory\capital\scalable\spring-auto-restdocs-core\2.0.1\spring-auto-restdocs-core-2.0.1.jar;E:\mavenRepertory\com\fasterxml\jackson\core\jackson-databind\2.9.6\jackson-databind-2.9.6.jar;E:\mavenRepertory\com\fasterxml\jackson\core\jackson-annotations\2.9.0\jackson-annotations-2.9.0.jar;E:\mavenRepertory\com\fasterxml\jackson\core\jackson-core\2.9.6\jackson-core-2.9.6.jar;E:\mavenRepertory\commons-collections\commons-collections\3.2.2\commons-collections-3.2.2.jar;E:\mavenRepertory\org\slf4j\slf4j-api\1.7.25\slf4j-api-1.7.25.jar;E:\mavenRepertory\org\apache\commons\commons-lang3\3.7\commons-lang3-3.7.jar;E:\mavenRepertory\commons-io\commons-io\2.6\commons-io-2.6.jar;E:\mavenRepertory\org\springframework\boot\spring-boot-starter-test\2.0.4.RELEASE\spring-boot-starter-test-2.0.4.RELEASE.jar;E:\mavenRepertory\org\springframework\boot\spring-boot-test\2.0.4.RELEASE\spring-boot-test-2.0.4.RELEASE.jar;E:\mavenRepertory\org\springframework\boot\spring-boot-test-autoconfigure\2.0.4.RELEASE\spring-boot-test-autoconfigure-2.0.4.RELEASE.jar;E:\mavenRepertory\com\jayway\jsonpath\json-path\2.4.0\json-path-2.4.0.jar;E:\mavenRepertory\net\minidev\json-smart\2.3\json-smart-2.3.jar;E:\mavenRepertory\net\minidev\accessors-smart\1.2\accessors-smart-1.2.jar;E:\mavenRepertory\org\ow2\asm\asm\5.0.4\asm-5.0.4.jar;E:\mavenRepertory\junit\junit\4.12\junit-4.12.jar;E:\mavenRepertory\org\assertj\assertj-core\3.9.1\assertj-core-3.9.1.jar;E:\mavenRepertory\org\mockito\mockito-core\2.15.0\mockito-core-2.15.0.jar;E:\mavenRepertory\net\bytebuddy\byte-buddy\1.7.11\byte-buddy-1.7.11.jar;E:\mavenRepertory\net\bytebuddy\byte-buddy-agent\1.7.11\byte-buddy-agent-1.7.11.jar;E:\mavenRepertory\org\objenesis\objenesis\2.6\objenesis-2.6.jar;E:\mavenRepertory\org\hamcrest\hamcrest-core\1.3\hamcrest-core-1.3.jar;E:\mavenRepertory\org\hamcrest\hamcrest-library\1.3\hamcrest-library-1.3.jar;E:\mavenRepertory\org\skyscreamer\jsonassert\1.5.0\jsonassert-1.5.0.jar;E:\mavenRepertory\com\vaadin\external\google\android-json\0.0.20131108.vaadin1\android-json-0.0.20131108.vaadin1.jar;E:\mavenRepertory\org\springframework\spring-core\5.0.8.RELEASE\spring-core-5.0.8.RELEASE.jar;E:\mavenRepertory\org\springframework\spring-jcl\5.0.8.RELEASE\spring-jcl-5.0.8.RELEASE.jar;E:\mavenRepertory\org\xmlunit\xmlunit-core\2.5.1\xmlunit-core-2.5.1.jar;"/>
    <property name="java.vm.vendor" value="Oracle Corporation"/>
    <property name="sun.arch.data.model" value="64"/>
    <property name="user.variant" value=""/>
    <property name="io.springfox.staticdocs.outputDir" value="E:\sxw\spring-rest-docs\target/swagger"/>
    <property name="io.springfox.staticdocs.snippetsOutputDir" value="E:\sxw\spring-rest-docs\target/asciidoc/generated"/>
    <property name="org.springframework.restdocs.outputDir" value="E:\sxw\spring-rest-docs\target/asciidoc/generated"/>
    <property name="java.vendor.url" value="http://java.oracle.com/"/>
    <property name="user.timezone" value=""/>
    <property name="java.vm.specification.version" value="1.8"/>
    <property name="os.name" value="Windows 10"/>
    <property name="user.country" value="CN"/>
    <property name="sun.java.launcher" value="SUN_STANDARD"/>
    <property name="sun.boot.library.path" value="C:\Program Files\Java\jdk1.8.0_171\jre\bin"/>
    <property name="sun.java.command" value="C:\Users\ADMINI~1\AppData\Local\Temp\surefire3292881754160173529\surefirebooter1524678059492415733.jar C:\Users\Administrator\AppData\Local\Temp\surefire3292881754160173529 2018-09-25T18-59-50_824-jvmRun1 surefire1055113895103081575tmp surefire_02137398815515981114tmp"/>
    <property name="surefire.test.class.path" value="E:\sxw\spring-rest-docs\target\test-classes;E:\sxw\spring-rest-docs\target\classes;E:\mavenRepertory\org\springframework\boot\spring-boot-starter-web\2.0.4.RELEASE\spring-boot-starter-web-2.0.4.RELEASE.jar;E:\mavenRepertory\org\springframework\boot\spring-boot-starter\2.0.4.RELEASE\spring-boot-starter-2.0.4.RELEASE.jar;E:\mavenRepertory\org\springframework\boot\spring-boot\2.0.4.RELEASE\spring-boot-2.0.4.RELEASE.jar;E:\mavenRepertory\org\springframework\boot\spring-boot-autoconfigure\2.0.4.RELEASE\spring-boot-autoconfigure-2.0.4.RELEASE.jar;E:\mavenRepertory\org\springframework\boot\spring-boot-starter-logging\2.0.4.RELEASE\spring-boot-starter-logging-2.0.4.RELEASE.jar;E:\mavenRepertory\ch\qos\logback\logback-classic\1.2.3\logback-classic-1.2.3.jar;E:\mavenRepertory\ch\qos\logback\logback-core\1.2.3\logback-core-1.2.3.jar;E:\mavenRepertory\org\apache\logging\log4j\log4j-to-slf4j\2.10.0\log4j-to-slf4j-2.10.0.jar;E:\mavenRepertory\org\apache\logging\log4j\log4j-api\2.10.0\log4j-api-2.10.0.jar;E:\mavenRepertory\org\slf4j\jul-to-slf4j\1.7.25\jul-to-slf4j-1.7.25.jar;E:\mavenRepertory\javax\annotation\javax.annotation-api\1.3.2\javax.annotation-api-1.3.2.jar;E:\mavenRepertory\org\yaml\snakeyaml\1.19\snakeyaml-1.19.jar;E:\mavenRepertory\org\springframework\boot\spring-boot-starter-json\2.0.4.RELEASE\spring-boot-starter-json-2.0.4.RELEASE.jar;E:\mavenRepertory\com\fasterxml\jackson\datatype\jackson-datatype-jdk8\2.9.6\jackson-datatype-jdk8-2.9.6.jar;E:\mavenRepertory\com\fasterxml\jackson\datatype\jackson-datatype-jsr310\2.9.6\jackson-datatype-jsr310-2.9.6.jar;E:\mavenRepertory\com\fasterxml\jackson\module\jackson-module-parameter-names\2.9.6\jackson-module-parameter-names-2.9.6.jar;E:\mavenRepertory\org\springframework\boot\spring-boot-starter-tomcat\2.0.4.RELEASE\spring-boot-starter-tomcat-2.0.4.RELEASE.jar;E:\mavenRepertory\org\apache\tomcat\embed\tomcat-embed-core\8.5.32\tomcat-embed-core-8.5.32.jar;E:\mavenRepertory\org\apache\tomcat\embed\tomcat-embed-el\8.5.32\tomcat-embed-el-8.5.32.jar;E:\mavenRepertory\org\apache\tomcat\embed\tomcat-embed-websocket\8.5.32\tomcat-embed-websocket-8.5.32.jar;E:\mavenRepertory\org\hibernate\validator\hibernate-validator\6.0.11.Final\hibernate-validator-6.0.11.Final.jar;E:\mavenRepertory\javax\validation\validation-api\2.0.1.Final\validation-api-2.0.1.Final.jar;E:\mavenRepertory\org\jboss\logging\jboss-logging\3.3.2.Final\jboss-logging-3.3.2.Final.jar;E:\mavenRepertory\com\fasterxml\classmate\1.3.4\classmate-1.3.4.jar;E:\mavenRepertory\org\springframework\spring-web\5.0.8.RELEASE\spring-web-5.0.8.RELEASE.jar;E:\mavenRepertory\org\springframework\spring-beans\5.0.8.RELEASE\spring-beans-5.0.8.RELEASE.jar;E:\mavenRepertory\org\springframework\spring-webmvc\5.0.8.RELEASE\spring-webmvc-5.0.8.RELEASE.jar;E:\mavenRepertory\org\springframework\spring-aop\5.0.8.RELEASE\spring-aop-5.0.8.RELEASE.jar;E:\mavenRepertory\org\springframework\spring-context\5.0.8.RELEASE\spring-context-5.0.8.RELEASE.jar;E:\mavenRepertory\org\springframework\spring-expression\5.0.8.RELEASE\spring-expression-5.0.8.RELEASE.jar;E:\mavenRepertory\org\springframework\restdocs\spring-restdocs-mockmvc\2.0.2.RELEASE\spring-restdocs-mockmvc-2.0.2.RELEASE.jar;E:\mavenRepertory\javax\servlet\javax.servlet-api\3.1.0\javax.servlet-api-3.1.0.jar;E:\mavenRepertory\org\springframework\spring-test\5.0.8.RELEASE\spring-test-5.0.8.RELEASE.jar;E:\mavenRepertory\org\springframework\restdocs\spring-restdocs-core\2.0.2.RELEASE\spring-restdocs-core-2.0.2.RELEASE.jar;E:\mavenRepertory\io\springfox\springfox-staticdocs\2.6.1\springfox-staticdocs-2.6.1.jar;E:\mavenRepertory\io\github\robwin\swagger2markup\0.9.2\swagger2markup-0.9.2.jar;E:\mavenRepertory\io\github\robwin\markup-document-builder\0.1.5\markup-document-builder-0.1.5.jar;E:\mavenRepertory\io\swagger\swagger-compat-spec-parser\1.0.13\swagger-compat-spec-parser-1.0.13.jar;E:\mavenRepertory\io\swagger\swagger-core\1.5.4\swagger-core-1.5.4.jar;E:\mavenRepertory\com\fasterxml\jackson\datatype\jackson-datatype-joda\2.9.6\jackson-datatype-joda-2.9.6.jar;E:\mavenRepertory\com\fasterxml\jackson\dataformat\jackson-dataformat-yaml\2.9.6\jackson-dataformat-yaml-2.9.6.jar;E:\mavenRepertory\io\swagger\swagger-models\1.5.4\swagger-models-1.5.4.jar;E:\mavenRepertory\io\swagger\swagger-annotations\1.5.4\swagger-annotations-1.5.4.jar;E:\mavenRepertory\com\google\guava\guava\18.0\guava-18.0.jar;E:\mavenRepertory\io\swagger\swagger-parser\1.0.13\swagger-parser-1.0.13.jar;E:\mavenRepertory\org\slf4j\slf4j-ext\1.7.25\slf4j-ext-1.7.25.jar;E:\mavenRepertory\com\github\fge\json-schema-validator\2.2.3\json-schema-validator-2.2.3.jar;E:\mavenRepertory\joda-time\joda-time\2.9.9\joda-time-2.9.9.jar;E:\mavenRepertory\com\github\fge\json-schema-core\1.2.1\json-schema-core-1.2.1.jar;E:\mavenRepertory\com\github\fge\uri-template\0.9\uri-template-0.9.jar;E:\mavenRepertory\org\mozilla\rhino\1.7R4\rhino-1.7R4.jar;E:\mavenRepertory\com\googlecode\libphonenumber\libphonenumber\6.0\libphonenumber-6.0.jar;E:\mavenRepertory\javax\mail\mailapi\1.4.3\mailapi-1.4.3.jar;E:\mavenRepertory\javax\activation\activation\1.1\activation-1.1.jar;E:\mavenRepertory\com\google\code\findbugs\jsr305\2.0.1\jsr305-2.0.1.jar;E:\mavenRepertory\net\sf\jopt-simple\jopt-simple\4.6\jopt-simple-4.6.jar;E:\mavenRepertory\com\github\fge\json-patch\1.6\json-patch-1.6.jar;E:\mavenRepertory\com\github\fge\jackson-coreutils\1.6\jackson-coreutils-1.6.jar;E:\mavenRepertory\com\github\fge\msg-simple\1.1\msg-simple-1.1.jar;E:\mavenRepertory\com\github\fge\btf\1.2\btf-1.2.jar;E:\mavenRepertory\org\apache\httpcomponents\httpclient\4.5.6\httpclient-4.5.6.jar;E:\mavenRepertory\org\apache\httpcomponents\httpcore\4.4.10\httpcore-4.4.10.jar;E:\mavenRepertory\commons-codec\commons-codec\1.11\commons-codec-1.11.jar;E:\mavenRepertory\capital\scalable\spring-auto-restdocs-core\2.0.1\spring-auto-restdocs-core-2.0.1.jar;E:\mavenRepertory\com\fasterxml\jackson\core\jackson-databind\2.9.6\jackson-databind-2.9.6.jar;E:\mavenRepertory\com\fasterxml\jackson\core\jackson-annotations\2.9.0\jackson-annotations-2.9.0.jar;E:\mavenRepertory\com\fasterxml\jackson\core\jackson-core\2.9.6\jackson-core-2.9.6.jar;E:\mavenRepertory\commons-collections\commons-collections\3.2.2\commons-collections-3.2.2.jar;E:\mavenRepertory\org\slf4j\slf4j-api\1.7.25\slf4j-api-1.7.25.jar;E:\mavenRepertory\org\apache\commons\commons-lang3\3.7\commons-lang3-3.7.jar;E:\mavenRepertory\commons-io\commons-io\2.6\commons-io-2.6.jar;E:\mavenRepertory\org\springframework\boot\spring-boot-starter-test\2.0.4.RELEASE\spring-boot-starter-test-2.0.4.RELEASE.jar;E:\mavenRepertory\org\springframework\boot\spring-boot-test\2.0.4.RELEASE\spring-boot-test-2.0.4.RELEASE.jar;E:\mavenRepertory\org\springframework\boot\spring-boot-test-autoconfigure\2.0.4.RELEASE\spring-boot-test-autoconfigure-2.0.4.RELEASE.jar;E:\mavenRepertory\com\jayway\jsonpath\json-path\2.4.0\json-path-2.4.0.jar;E:\mavenRepertory\net\minidev\json-smart\2.3\json-smart-2.3.jar;E:\mavenRepertory\net\minidev\accessors-smart\1.2\accessors-smart-1.2.jar;E:\mavenRepertory\org\ow2\asm\asm\5.0.4\asm-5.0.4.jar;E:\mavenRepertory\junit\junit\4.12\junit-4.12.jar;E:\mavenRepertory\org\assertj\assertj-core\3.9.1\assertj-core-3.9.1.jar;E:\mavenRepertory\org\mockito\mockito-core\2.15.0\mockito-core-2.15.0.jar;E:\mavenRepertory\net\bytebuddy\byte-buddy\1.7.11\byte-buddy-1.7.11.jar;E:\mavenRepertory\net\bytebuddy\byte-buddy-agent\1.7.11\byte-buddy-agent-1.7.11.jar;E:\mavenRepertory\org\objenesis\objenesis\2.6\objenesis-2.6.jar;E:\mavenRepertory\org\hamcrest\hamcrest-core\1.3\hamcrest-core-1.3.jar;E:\mavenRepertory\org\hamcrest\hamcrest-library\1.3\hamcrest-library-1.3.jar;E:\mavenRepertory\org\skyscreamer\jsonassert\1.5.0\jsonassert-1.5.0.jar;E:\mavenRepertory\com\vaadin\external\google\android-json\0.0.20131108.vaadin1\android-json-0.0.20131108.vaadin1.jar;E:\mavenRepertory\org\springframework\spring-core\5.0.8.RELEASE\spring-core-5.0.8.RELEASE.jar;E:\mavenRepertory\org\springframework\spring-jcl\5.0.8.RELEASE\spring-jcl-5.0.8.RELEASE.jar;E:\mavenRepertory\org\xmlunit\xmlunit-core\2.5.1\xmlunit-core-2.5.1.jar;"/>
    <property name="sun.cpu.endian" value="little"/>
    <property name="user.home" value="C:\Users\Administrator"/>
    <property name="user.language" value="zh"/>
    <property name="java.specification.vendor" value="Oracle Corporation"/>
    <property name="java.home" value="C:\Program Files\Java\jdk1.8.0_171\jre"/>
    <property name="basedir" value="E:\sxw\spring-rest-docs"/>
    <property name="file.separator" value="\"/>
    <property name="line.separator" value="&#10;"/>
    <property name="java.vm.specification.vendor" value="Oracle Corporation"/>
    <property name="java.specification.name" value="Java Platform API Specification"/>
    <property name="java.awt.graphicsenv" value="sun.awt.Win32GraphicsEnvironment"/>
    <property name="surefire.real.class.path" value="C:\Users\ADMINI~1\AppData\Local\Temp\surefire3292881754160173529\surefirebooter1524678059492415733.jar"/>
    <property name="sun.boot.class.path" value="C:\Program Files\Java\jdk1.8.0_171\jre\lib\resources.jar;C:\Program Files\Java\jdk1.8.0_171\jre\lib\rt.jar;C:\Program Files\Java\jdk1.8.0_171\jre\lib\sunrsasign.jar;C:\Program Files\Java\jdk1.8.0_171\jre\lib\jsse.jar;C:\Program Files\Java\jdk1.8.0_171\jre\lib\jce.jar;C:\Program Files\Java\jdk1.8.0_171\jre\lib\charsets.jar;C:\Program Files\Java\jdk1.8.0_171\jre\lib\jfr.jar;C:\Program Files\Java\jdk1.8.0_171\jre\classes"/>
    <property name="user.script" value=""/>
    <property name="sun.management.compiler" value="HotSpot 64-Bit Tiered Compilers"/>
    <property name="java.runtime.version" value="1.8.0_171-b11"/>
    <property name="user.name" value="Administrator"/>
    <property name="path.separator" value=";"/>
    <property name="os.version" value="10.0"/>
    <property name="java.endorsed.dirs" value="C:\Program Files\Java\jdk1.8.0_171\jre\lib\endorsed"/>
    <property name="java.runtime.name" value="Java(TM) SE Runtime Environment"/>
    <property name="file.encoding" value="GBK"/>
    <property name="java.vm.name" value="Java HotSpot(TM) 64-Bit Server VM"/>
    <property name="localRepository" value="E:\mavenRepertory"/>
    <property name="java.vendor.url.bug" value="http://bugreport.sun.com/bugreport/"/>
    <property name="java.io.tmpdir" value="C:\Users\ADMINI~1\AppData\Local\Temp\"/>
    <property name="java.version" value="1.8.0_171"/>
    <property name="user.dir" value="E:\sxw\spring-rest-docs"/>
    <property name="os.arch" value="amd64"/>
    <property name="java.vm.specification.name" value="Java Virtual Machine Specification"/>
    <property name="java.awt.printerjob" value="sun.awt.windows.WPrinterJob"/>
    <property name="sun.os.patch.level" value=""/>
    <property name="java.library.path" value="C:\Program Files\Java\jdk1.8.0_171\jre\bin;C:\Windows\Sun\Java\bin;C:\Windows\system32;C:\Windows;C:\Program Files (x86)\Common Files\Oracle\Java\javapath;C:\Windows\system32;C:\Windows;C:\Windows\System32\Wbem;C:\Windows\System32\WindowsPowerShell\v1.0\;C:\Windows\System32\OpenSSH\;D:\TortoiseGit\bin;D:\TortoiseSVN\bin;C:\Program Files\Java\jdk1.8.0_171\bin;C:\Program Files\Git\cmd;D:\apache-maven-3.5.4\bin;C:\Users\Administrator\AppData\Local\Microsoft\WindowsApps;;."/>
    <property name="java.vm.info" value="mixed mode"/>
    <property name="java.vendor" value="Oracle Corporation"/>
    <property name="java.vm.version" value="25.171-b11"/>
    <property name="java.ext.dirs" value="C:\Program Files\Java\jdk1.8.0_171\jre\lib\ext;C:\Windows\Sun\Java\lib\ext"/>
    <property name="sun.io.unicode.encoding" value="UnicodeLittle"/>
    <property name="java.class.version" value="52.0"/>
  </properties>
  <testcase name="testPost" classname="com.sxw.test.MyTest" time="0.323"/>
</testsuite>